Determining if the pthread_create exist failed with the following output:
Change Dir: /home/ghadeer/My_Files/Master/Project/ROS/simulation_ws/build/CMakeFiles/CMakeTmp

Run Build Command:"/usr/bin/make" "cmTC_0ebcb/fast"
/usr/bin/make -f CMakeFiles/cmTC_0ebcb.dir/build.make CMakeFiles/cmTC_0ebcb.dir/build
make[1]: Entering directory '/home/ghadeer/My_Files/Master/Project/ROS/simulation_ws/build/CMakeFiles/CMakeTmp'
Building C object CMakeFiles/cmTC_0ebcb.dir/CheckSymbolExists.c.o
/usr/bin/cc     -o CMakeFiles/cmTC_0ebcb.dir/CheckSymbolExists.c.o   -c /home/ghadeer/My_Files/Master/Project/ROS/simulation_ws/build/CMakeFiles/CMakeTmp/CheckSymbolExists.c
Linking C executable cmTC_0ebcb
/usr/bin/cmake -E cmake_link_script CMakeFiles/cmTC_0ebcb.dir/link.txt --verbose=1
/usr/bin/cc       CMakeFiles/cmTC_0ebcb.dir/CheckSymbolExists.c.o  -o cmTC_0ebcb -rdynamic 
CMakeFiles/cmTC_0ebcb.dir/CheckSymbolExists.c.o: In function `main':
CheckSymbolExists.c:(.text+0x16): undefined reference to `pthread_create'
collect2: error: ld returned 1 exit status
CMakeFiles/cmTC_0ebcb.dir/build.make:97: recipe for target 'cmTC_0ebcb' failed
make[1]: *** [cmTC_0ebcb] Error 1
make[1]: Leaving directory '/home/ghadeer/My_Files/Master/Project/ROS/simulation_ws/build/CMakeFiles/CMakeTmp'
Makefile:126: recipe for target 'cmTC_0ebcb/fast' failed
make: *** [cmTC_0ebcb/fast] Error 2

File /home/ghadeer/My_Files/Master/Project/ROS/simulation_ws/build/CMakeFiles/CMakeTmp/CheckSymbolExists.c:
/* */
#include <pthread.h>

int main(int argc, char** argv)
{
  (void)argv;
#ifndef pthread_create
  return ((int*)(&pthread_create))[argc];
#else
  (void)argc;
  return 0;
#endif
}

Determining if the function pthread_create exists in the pthreads failed with the following output:
Change Dir: /home/ghadeer/My_Files/Master/Project/ROS/simulation_ws/build/CMakeFiles/CMakeTmp

Run Build Command:"/usr/bin/make" "cmTC_7b224/fast"
/usr/bin/make -f CMakeFiles/cmTC_7b224.dir/build.make CMakeFiles/cmTC_7b224.dir/build
make[1]: Entering directory '/home/ghadeer/My_Files/Master/Project/ROS/simulation_ws/build/CMakeFiles/CMakeTmp'
Building C object CMakeFiles/cmTC_7b224.dir/CheckFunctionExists.c.o
/usr/bin/cc    -DCHECK_FUNCTION_EXISTS=pthread_create   -o CMakeFiles/cmTC_7b224.dir/CheckFunctionExists.c.o   -c /usr/share/cmake-3.5/Modules/CheckFunctionExists.c
Linking C executable cmTC_7b224
/usr/bin/cmake -E cmake_link_script CMakeFiles/cmTC_7b224.dir/link.txt --verbose=1
/usr/bin/cc   -DCHECK_FUNCTION_EXISTS=pthread_create    CMakeFiles/cmTC_7b224.dir/CheckFunctionExists.c.o  -o cmTC_7b224 -rdynamic -lpthreads 
/usr/bin/ld: cannot find -lpthreads
collect2: error: ld returned 1 exit status
CMakeFiles/cmTC_7b224.dir/build.make:97: recipe for target 'cmTC_7b224' failed
make[1]: *** [cmTC_7b224] Error 1
make[1]: Leaving directory '/home/ghadeer/My_Files/Master/Project/ROS/simulation_ws/build/CMakeFiles/CMakeTmp'
Makefile:126: recipe for target 'cmTC_7b224/fast' failed
make: *** [cmTC_7b224/fast] Error 2


Determining if the Q_WS_WIN exist failed with the following output:
Change Dir: /home/ghadeer/My_Files/Master/Project/ROS/simulation_ws/build/CMakeFiles/CMakeTmp

Run Build Command:"/usr/bin/make" "cmTC_239f7/fast"
/usr/bin/make -f CMakeFiles/cmTC_239f7.dir/build.make CMakeFiles/cmTC_239f7.dir/build
make[1]: Entering directory '/home/ghadeer/My_Files/Master/Project/ROS/simulation_ws/build/CMakeFiles/CMakeTmp'
Building CXX object CMakeFiles/cmTC_239f7.dir/CheckSymbolExists.cxx.o
/usr/bin/c++    -I/usr/include/qt4  -std=c++11    -o CMakeFiles/cmTC_239f7.dir/CheckSymbolExists.cxx.o -c /home/ghadeer/My_Files/Master/Project/ROS/simulation_ws/build/CMakeFiles/CMakeTmp/CheckSymbolExists.cxx
/home/ghadeer/My_Files/Master/Project/ROS/simulation_ws/build/CMakeFiles/CMakeTmp/CheckSymbolExists.cxx: In function ‘int main(int, char**)’:
/home/ghadeer/My_Files/Master/Project/ROS/simulation_ws/build/CMakeFiles/CMakeTmp/CheckSymbolExists.cxx:8:19: error: ‘Q_WS_WIN’ was not declared in this scope
   return ((int*)(&Q_WS_WIN))[argc];
                   ^
CMakeFiles/cmTC_239f7.dir/build.make:65: recipe for target 'CMakeFiles/cmTC_239f7.dir/CheckSymbolExists.cxx.o' failed
make[1]: *** [CMakeFiles/cmTC_239f7.dir/CheckSymbolExists.cxx.o] Error 1
make[1]: Leaving directory '/home/ghadeer/My_Files/Master/Project/ROS/simulation_ws/build/CMakeFiles/CMakeTmp'
Makefile:126: recipe for target 'cmTC_239f7/fast' failed
make: *** [cmTC_239f7/fast] Error 2

File /home/ghadeer/My_Files/Master/Project/ROS/simulation_ws/build/CMakeFiles/CMakeTmp/CheckSymbolExists.cxx:
/* */
#include <QtCore/qglobal.h>

int main(int argc, char** argv)
{
  (void)argv;
#ifndef Q_WS_WIN
  return ((int*)(&Q_WS_WIN))[argc];
#else
  (void)argc;
  return 0;
#endif
}

Determining if the Q_WS_QWS exist failed with the following output:
Change Dir: /home/ghadeer/My_Files/Master/Project/ROS/simulation_ws/build/CMakeFiles/CMakeTmp

Run Build Command:"/usr/bin/make" "cmTC_a06a4/fast"
/usr/bin/make -f CMakeFiles/cmTC_a06a4.dir/build.make CMakeFiles/cmTC_a06a4.dir/build
make[1]: Entering directory '/home/ghadeer/My_Files/Master/Project/ROS/simulation_ws/build/CMakeFiles/CMakeTmp'
Building CXX object CMakeFiles/cmTC_a06a4.dir/CheckSymbolExists.cxx.o
/usr/bin/c++    -I/usr/include/qt4  -std=c++11    -o CMakeFiles/cmTC_a06a4.dir/CheckSymbolExists.cxx.o -c /home/ghadeer/My_Files/Master/Project/ROS/simulation_ws/build/CMakeFiles/CMakeTmp/CheckSymbolExists.cxx
/home/ghadeer/My_Files/Master/Project/ROS/simulation_ws/build/CMakeFiles/CMakeTmp/CheckSymbolExists.cxx: In function ‘int main(int, char**)’:
/home/ghadeer/My_Files/Master/Project/ROS/simulation_ws/build/CMakeFiles/CMakeTmp/CheckSymbolExists.cxx:8:19: error: ‘Q_WS_QWS’ was not declared in this scope
   return ((int*)(&Q_WS_QWS))[argc];
                   ^
CMakeFiles/cmTC_a06a4.dir/build.make:65: recipe for target 'CMakeFiles/cmTC_a06a4.dir/CheckSymbolExists.cxx.o' failed
make[1]: *** [CMakeFiles/cmTC_a06a4.dir/CheckSymbolExists.cxx.o] Error 1
make[1]: Leaving directory '/home/ghadeer/My_Files/Master/Project/ROS/simulation_ws/build/CMakeFiles/CMakeTmp'
Makefile:126: recipe for target 'cmTC_a06a4/fast' failed
make: *** [cmTC_a06a4/fast] Error 2

File /home/ghadeer/My_Files/Master/Project/ROS/simulation_ws/build/CMakeFiles/CMakeTmp/CheckSymbolExists.cxx:
/* */
#include <QtCore/qglobal.h>

int main(int argc, char** argv)
{
  (void)argv;
#ifndef Q_WS_QWS
  return ((int*)(&Q_WS_QWS))[argc];
#else
  (void)argc;
  return 0;
#endif
}

Determining if the Q_WS_MAC exist failed with the following output:
Change Dir: /home/ghadeer/My_Files/Master/Project/ROS/simulation_ws/build/CMakeFiles/CMakeTmp

Run Build Command:"/usr/bin/make" "cmTC_e2e4a/fast"
/usr/bin/make -f CMakeFiles/cmTC_e2e4a.dir/build.make CMakeFiles/cmTC_e2e4a.dir/build
make[1]: Entering directory '/home/ghadeer/My_Files/Master/Project/ROS/simulation_ws/build/CMakeFiles/CMakeTmp'
Building CXX object CMakeFiles/cmTC_e2e4a.dir/CheckSymbolExists.cxx.o
/usr/bin/c++    -I/usr/include/qt4  -std=c++11    -o CMakeFiles/cmTC_e2e4a.dir/CheckSymbolExists.cxx.o -c /home/ghadeer/My_Files/Master/Project/ROS/simulation_ws/build/CMakeFiles/CMakeTmp/CheckSymbolExists.cxx
/home/ghadeer/My_Files/Master/Project/ROS/simulation_ws/build/CMakeFiles/CMakeTmp/CheckSymbolExists.cxx: In function ‘int main(int, char**)’:
/home/ghadeer/My_Files/Master/Project/ROS/simulation_ws/build/CMakeFiles/CMakeTmp/CheckSymbolExists.cxx:8:19: error: ‘Q_WS_MAC’ was not declared in this scope
   return ((int*)(&Q_WS_MAC))[argc];
                   ^
CMakeFiles/cmTC_e2e4a.dir/build.make:65: recipe for target 'CMakeFiles/cmTC_e2e4a.dir/CheckSymbolExists.cxx.o' failed
make[1]: *** [CMakeFiles/cmTC_e2e4a.dir/CheckSymbolExists.cxx.o] Error 1
make[1]: Leaving directory '/home/ghadeer/My_Files/Master/Project/ROS/simulation_ws/build/CMakeFiles/CMakeTmp'
Makefile:126: recipe for target 'cmTC_e2e4a/fast' failed
make: *** [cmTC_e2e4a/fast] Error 2

File /home/ghadeer/My_Files/Master/Project/ROS/simulation_ws/build/CMakeFiles/CMakeTmp/CheckSymbolExists.cxx:
/* */
#include <QtCore/qglobal.h>

int main(int argc, char** argv)
{
  (void)argv;
#ifndef Q_WS_MAC
  return ((int*)(&Q_WS_MAC))[argc];
#else
  (void)argc;
  return 0;
#endif
}

